<?xml version="1.0" encoding="UTF-8"?>
<!-- Generated by org.testng.reporters.JUnitXMLReporter -->
<testsuite ignored="0" hostname="AKSHAYS-PC" failures="0" tests="3" name="Default test" time="99.53" errors="0" timestamp="2021-06-06T11:07:45 IST">
  <testcase classname="demoproject.JenkinTest" name="Test1" time="7.556"/>
  <testcase classname="demoproject.JenkinTest" name="Test2" time="4.325"/>
  <testcase classname="demoproject.JenkinTest" name="Test3" time="9.358"/>
</testsuite> <!-- Default test -->
