<?xml version="1.0" encoding="UTF-8"?>
<!-- Generated by org.testng.reporters.JUnitXMLReporter -->
<testsuite ignored="0" hostname="AKSHAYS-PC" failures="0" tests="6" name="Test" time="0.182" errors="0" timestamp="2021-06-06T14:00:45 IST">
  <testcase classname="demoproject.AkshayTest" name="Test2" time="0.016"/>
  <testcase classname="demoproject.AkshayTest" name="Test1" time="0.004"/>
  <testcase classname="demoproject.AkshayTest" name="Test3" time="0.009"/>
  <testcase classname="demoproject.JenkinTest" name="Test3" time="0.004"/>
  <testcase classname="demoproject.JenkinTest" name="Test2" time="0.005"/>
  <testcase classname="demoproject.JenkinTest" name="Test1" time="0.004"/>
</testsuite> <!-- Test -->
