<?xml version="1.0" encoding="UTF-8"?>
<testng-results ignored="1" total="2" passed="1" failed="0" skipped="0">
  <reporter-output>
  </reporter-output>
  <suite started-at="2021-06-04T19:54:01 IST" name="Suite" finished-at="2021-06-04T19:54:12 IST" duration-ms="10501">
    <groups>
    </groups>
    <test started-at="2021-06-04T19:54:01 IST" name="Test" finished-at="2021-06-04T19:54:12 IST" duration-ms="10501">
      <class name="demoproject.JenkinTest">
        <test-method is-config="true" signature="setup()[pri:0, instance:demoproject.JenkinTest@49d904ec]" started-at="2021-06-04T19:54:01 IST" name="setup" finished-at="2021-06-04T19:54:06 IST" duration-ms="4464" status="PASS">
          <reporter-output>
          </reporter-output>
        </test-method> <!-- setup -->
        <test-method signature="Test2()[pri:0, instance:demoproject.JenkinTest@49d904ec]" started-at="2021-06-04T19:54:06 IST" name="Test2" finished-at="2021-06-04T19:54:11 IST" duration-ms="4989" status="PASS">
          <reporter-output>
          </reporter-output>
        </test-method> <!-- Test2 -->
        <test-method is-config="true" signature="teardown()[pri:0, instance:demoproject.JenkinTest@49d904ec]" started-at="2021-06-04T19:54:11 IST" name="teardown" finished-at="2021-06-04T19:54:12 IST" duration-ms="938" status="PASS">
          <reporter-output>
          </reporter-output>
        </test-method> <!-- teardown -->
      </class> <!-- demoproject.JenkinTest -->
    </test> <!-- Test -->
  </suite> <!-- Suite -->
</testng-results>
