<?xml version="1.0" encoding="UTF-8"?>
<testng-results ignored="0" total="6" passed="6" failed="0" skipped="0">
  <reporter-output>
  </reporter-output>
  <suite started-at="2021-06-06T14:00:45 IST" name="Suite" finished-at="2021-06-06T14:00:45 IST" duration-ms="182">
    <groups>
    </groups>
    <test started-at="2021-06-06T14:00:45 IST" name="Test" finished-at="2021-06-06T14:00:45 IST" duration-ms="182">
      <class name="demoproject.AkshayTest">
        <test-method signature="Test2()[pri:-2, instance:demoproject.AkshayTest@1700915]" started-at="2021-06-06T14:00:45 IST" name="Test2" finished-at="2021-06-06T14:00:45 IST" duration-ms="16" status="PASS">
          <reporter-output>
          </reporter-output>
        </test-method> <!-- Test2 -->
        <test-method signature="Test1()[pri:-1, instance:demoproject.AkshayTest@1700915]" started-at="2021-06-06T14:00:45 IST" name="Test1" finished-at="2021-06-06T14:00:45 IST" duration-ms="4" status="PASS">
          <reporter-output>
          </reporter-output>
        </test-method> <!-- Test1 -->
        <test-method signature="Test3()[pri:0, instance:demoproject.AkshayTest@1700915]" started-at="2021-06-06T14:00:45 IST" name="Test3" finished-at="2021-06-06T14:00:45 IST" duration-ms="9" status="PASS">
          <reporter-output>
          </reporter-output>
        </test-method> <!-- Test3 -->
      </class> <!-- demoproject.AkshayTest -->
      <class name="demoproject.JenkinTest">
        <test-method is-config="true" signature="suite()[pri:0, instance:demoproject.JenkinTest@48ae9b55]" started-at="2021-06-06T14:00:45 IST" name="suite" finished-at="2021-06-06T14:00:45 IST" duration-ms="26" status="PASS">
          <reporter-output>
          </reporter-output>
        </test-method> <!-- suite -->
        <test-method is-config="true" signature="reporting()[pri:0, instance:demoproject.JenkinTest@48ae9b55]" started-at="2021-06-06T14:00:45 IST" name="reporting" finished-at="2021-06-06T14:00:45 IST" duration-ms="1" status="PASS">
          <reporter-output>
          </reporter-output>
        </test-method> <!-- reporting -->
        <test-method is-config="true" signature="setup()[pri:0, instance:demoproject.JenkinTest@48ae9b55]" started-at="2021-06-06T14:00:45 IST" name="setup" finished-at="2021-06-06T14:00:45 IST" duration-ms="0" status="PASS">
          <reporter-output>
          </reporter-output>
        </test-method> <!-- setup -->
        <test-method signature="Test3()[pri:-5, instance:demoproject.JenkinTest@48ae9b55]" started-at="2021-06-06T14:00:45 IST" name="Test3" finished-at="2021-06-06T14:00:45 IST" duration-ms="4" status="PASS">
          <reporter-output>
          </reporter-output>
        </test-method> <!-- Test3 -->
        <test-method is-config="true" signature="teardown()[pri:0, instance:demoproject.JenkinTest@48ae9b55]" started-at="2021-06-06T14:00:45 IST" name="teardown" finished-at="2021-06-06T14:00:45 IST" duration-ms="1" status="PASS">
          <reporter-output>
          </reporter-output>
        </test-method> <!-- teardown -->
        <test-method is-config="true" signature="setup()[pri:0, instance:demoproject.JenkinTest@48ae9b55]" started-at="2021-06-06T14:00:45 IST" name="setup" finished-at="2021-06-06T14:00:45 IST" duration-ms="1" status="PASS">
          <reporter-output>
          </reporter-output>
        </test-method> <!-- setup -->
        <test-method signature="Test2()[pri:-4, instance:demoproject.JenkinTest@48ae9b55]" started-at="2021-06-06T14:00:45 IST" name="Test2" finished-at="2021-06-06T14:00:45 IST" duration-ms="5" status="PASS">
          <reporter-output>
          </reporter-output>
        </test-method> <!-- Test2 -->
        <test-method is-config="true" signature="teardown()[pri:0, instance:demoproject.JenkinTest@48ae9b55]" started-at="2021-06-06T14:00:45 IST" name="teardown" finished-at="2021-06-06T14:00:45 IST" duration-ms="0" status="PASS">
          <reporter-output>
          </reporter-output>
        </test-method> <!-- teardown -->
        <test-method is-config="true" signature="setup()[pri:0, instance:demoproject.JenkinTest@48ae9b55]" started-at="2021-06-06T14:00:45 IST" name="setup" finished-at="2021-06-06T14:00:45 IST" duration-ms="1" status="PASS">
          <reporter-output>
          </reporter-output>
        </test-method> <!-- setup -->
        <test-method signature="Test1()[pri:-3, instance:demoproject.JenkinTest@48ae9b55]" started-at="2021-06-06T14:00:45 IST" name="Test1" finished-at="2021-06-06T14:00:45 IST" duration-ms="4" status="PASS">
          <reporter-output>
          </reporter-output>
        </test-method> <!-- Test1 -->
        <test-method is-config="true" signature="teardown()[pri:0, instance:demoproject.JenkinTest@48ae9b55]" started-at="2021-06-06T14:00:45 IST" name="teardown" finished-at="2021-06-06T14:00:45 IST" duration-ms="1" status="PASS">
          <reporter-output>
          </reporter-output>
        </test-method> <!-- teardown -->
        <test-method is-config="true" signature="endTest()[pri:0, instance:demoproject.JenkinTest@48ae9b55]" started-at="2021-06-06T14:00:45 IST" name="endTest" finished-at="2021-06-06T14:00:45 IST" duration-ms="1" status="PASS">
          <reporter-output>
          </reporter-output>
        </test-method> <!-- endTest -->
        <test-method is-config="true" signature="Asuite()[pri:0, instance:demoproject.JenkinTest@48ae9b55]" started-at="2021-06-06T14:00:45 IST" name="Asuite" finished-at="2021-06-06T14:00:45 IST" duration-ms="1" status="PASS">
          <reporter-output>
          </reporter-output>
        </test-method> <!-- Asuite -->
      </class> <!-- demoproject.JenkinTest -->
    </test> <!-- Test -->
  </suite> <!-- Suite -->
</testng-results>
